/opt/esdcad/software/synopsys/linux/galaxy_C-2009.06-SP4/auxx/gui/dv/dv_setup.tcl
/opt/esdcad/software/synopsys/linux/galaxy_C-2009.06-SP4/auxx/gui/syn/snpsSynProcs.tcl
/opt/esdcad/software/synopsys/linux/galaxy_C-2009.06-SP4/auxx/tcllib/lib/tcl8.4/package.tcl
/opt/esdcad/software/synopsys/linux/galaxy_C-2009.06-SP4/auxx/gui/syn/layout/pkgIndex.tcl
/opt/esdcad/software/synopsys/linux/galaxy_C-2009.06-SP4/auxx/gui/common/fanoutviewer/pkgIndex.tcl
/opt/esdcad/software/synopsys/linux/galaxy_C-2009.06-SP4/auxx/gui/common/layout/pkgIndex.tcl
/opt/esdcad/software/synopsys/linux/galaxy_C-2009.06-SP4/auxx/gui/common/docBrowser/pkgIndex.tcl
/opt/esdcad/software/synopsys/linux/galaxy_C-2009.06-SP4/auxx/gui/common/misc/pkgIndex.tcl
/opt/esdcad/software/synopsys/linux/galaxy_C-2009.06-SP4/auxx/gui/common/regressionToolkit/pkgIndex.tcl
/opt/esdcad/software/synopsys/linux/galaxy_C-2009.06-SP4/auxx/gui/common/qtcl/pkgIndex.tcl
/opt/esdcad/software/synopsys/linux/galaxy_C-2009.06-SP4/auxx/gui/common/select/pkgIndex.tcl
/opt/esdcad/software/synopsys/linux/galaxy_C-2009.06-SP4/auxx/gui/common/menus/pkgIndex.tcl
/opt/esdcad/software/synopsys/linux/galaxy_C-2009.06-SP4/auxx/gui/common/pathinspector/pkgIndex.tcl
/opt/esdcad/software/synopsys/linux/galaxy_C-2009.06-SP4/auxx/gui/common/dialogs/pkgIndex.tcl
/opt/esdcad/software/synopsys/linux/galaxy_C-2009.06-SP4/auxx/gui/common/profiler/pkgIndex.tcl
/opt/esdcad/software/synopsys/linux/galaxy_C-2009.06-SP4/auxx/gui/common/WindowFrameWork/pkgIndex.tcl
/opt/esdcad/software/synopsys/linux/galaxy_C-2009.06-SP4/auxx/gui/common/view/pkgIndex.tcl
/opt/esdcad/software/synopsys/linux/galaxy_C-2009.06-SP4/auxx/gui/common/hierarchy/pkgIndex.tcl
/opt/esdcad/software/synopsys/linux/galaxy_C-2009.06-SP4/auxx/gui/common/setup/pkgIndex.tcl
/opt/esdcad/software/synopsys/linux/galaxy_C-2009.06-SP4/auxx/gui/common/strokes/pkgIndex.tcl
/opt/esdcad/software/synopsys/linux/galaxy_C-2009.06-SP4/auxx/gui/common/tcl-dp/pkgIndex.tcl
/opt/esdcad/software/synopsys/linux/galaxy_C-2009.06-SP4/auxx/gui/common/histogram/pkgIndex.tcl
/opt/esdcad/software/synopsys/linux/galaxy_C-2009.06-SP4/auxx/gui/common/highlight/pkgIndex.tcl
/opt/esdcad/software/synopsys/linux/galaxy_C-2009.06-SP4/auxx/gui/common/libviewer/pkgIndex.tcl
/opt/esdcad/software/synopsys/linux/galaxy_C-2009.06-SP4/auxx/gui/common/schematic/pkgIndex.tcl
/opt/esdcad/software/synopsys/linux/galaxy_C-2009.06-SP4/auxx/gui/common/table/pkgIndex.tcl
/opt/esdcad/software/synopsys/linux/galaxy_C-2009.06-SP4/auxx/gui/common/opdlg/pkgIndex.tcl
/opt/esdcad/software/synopsys/linux/galaxy_C-2009.06-SP4/auxx/tcllib/snps_tcl/snpsTclPro/pkgIndex.tcl
/opt/esdcad/software/synopsys/linux/galaxy_C-2009.06-SP4/auxx/tcllib/snps_tcl/snpsUtils/pkgIndex.tcl
/opt/esdcad/software/synopsys/linux/galaxy_C-2009.06-SP4/auxx/tcllib/snps_tcl/snpsTest/pkgIndex.tcl
/opt/esdcad/software/synopsys/linux/galaxy_C-2009.06-SP4/auxx/tcllib/lib/tcl8.4/http1.0/pkgIndex.tcl
/opt/esdcad/software/synopsys/linux/galaxy_C-2009.06-SP4/auxx/tcllib/lib/tcl8.4/tcltest/pkgIndex.tcl
/opt/esdcad/software/synopsys/linux/galaxy_C-2009.06-SP4/auxx/tcllib/lib/tcl8.4/opt/pkgIndex.tcl
/opt/esdcad/software/synopsys/linux/galaxy_C-2009.06-SP4/auxx/tcllib/lib/tcl8.4/reg/pkgIndex.tcl
/opt/esdcad/software/synopsys/linux/galaxy_C-2009.06-SP4/auxx/tcllib/lib/tcl8.4/msgcat/pkgIndex.tcl
/opt/esdcad/software/synopsys/linux/galaxy_C-2009.06-SP4/auxx/tcllib/lib/tcl8.4/http/pkgIndex.tcl
/opt/esdcad/software/synopsys/linux/galaxy_C-2009.06-SP4/auxx/tcllib/lib/tcl8.4/dde/pkgIndex.tcl
/opt/esdcad/software/synopsys/linux/galaxy_C-2009.06-SP4/auxx/gui/common/setup/snpsCommonSetup.tcl
/opt/esdcad/software/synopsys/linux/galaxy_C-2009.06-SP4/auxx/gui/common/setup/snpsCustomize.tcl
/opt/esdcad/software/synopsys/linux/galaxy_C-2009.06-SP4/auxx/gui/common/setup/snpsProcheck.tcl
/opt/esdcad/software/synopsys/linux/galaxy_C-2009.06-SP4/auxx/gui/common/qtcl/.synopsys_qtcl.tcl
/opt/esdcad/software/synopsys/linux/galaxy_C-2009.06-SP4/auxx/gui/common/highlight/highlight.tcl
/opt/esdcad/software/synopsys/linux/galaxy_C-2009.06-SP4/auxx/gui/common/misc/base.tcl
/opt/esdcad/software/synopsys/linux/galaxy_C-2009.06-SP4/auxx/gui/common/misc/timing.tcl
/opt/esdcad/software/synopsys/linux/galaxy_C-2009.06-SP4/auxx/gui/common/misc/setting.tcl
/opt/esdcad/software/synopsys/linux/galaxy_C-2009.06-SP4/auxx/gui/common/docBrowser/docBrowser.tcl
/opt/esdcad/software/synopsys/linux/galaxy_C-2009.06-SP4/auxx/tcllib/snps_tcl/snpsUtils/snpsUtils.tcl
/opt/esdcad/software/synopsys/linux/galaxy_C-2009.06-SP4/auxx/gui/common/WindowFrameWork/windowFrameWork.tcl
/opt/esdcad/software/synopsys/linux/galaxy_C-2009.06-SP4/auxx/gui/common/WindowFrameWork/skipBusyCursorCmdList.tcl
/opt/esdcad/software/synopsys/linux/galaxy_C-2009.06-SP4/auxx/gui/common/dialogs/ObjectChooser.tcl
/opt/esdcad/software/synopsys/linux/galaxy_C-2009.06-SP4/auxx/gui/common/misc/DialogObjectChooser.tcl
/opt/esdcad/software/synopsys/linux/galaxy_C-2009.06-SP4/auxx/gui/common/dialogs/HistBinInformation.tcl
/opt/esdcad/software/synopsys/linux/galaxy_C-2009.06-SP4/auxx/gui/common/dialogs/HistBin1Information.tcl
/opt/esdcad/software/synopsys/linux/galaxy_C-2009.06-SP4/auxx/gui/common/dialogs/BinsOnlyInformation.tcl
/opt/esdcad/software/synopsys/linux/galaxy_C-2009.06-SP4/auxx/gui/common/dialogs/FileChooser.tcl
/opt/esdcad/software/synopsys/linux/galaxy_C-2009.06-SP4/auxx/gui/common/dialogs/PathPinSimpleInfo.tcl
/opt/esdcad/software/synopsys/linux/galaxy_C-2009.06-SP4/auxx/gui/common/dialogs/PathsBasicInfo.tcl
/opt/esdcad/software/synopsys/linux/galaxy_C-2009.06-SP4/auxx/gui/common/dialogs/PathsBasicSimpleInfo.tcl
/opt/esdcad/software/synopsys/linux/galaxy_C-2009.06-SP4/auxx/gui/common/dialogs/SlctOperationInfo.tcl
/opt/esdcad/software/synopsys/linux/galaxy_C-2009.06-SP4/auxx/gui/common/dialogs/ObjectListInfo.tcl
/opt/esdcad/software/synopsys/linux/galaxy_C-2009.06-SP4/auxx/gui/common/dialogs/FanInOutInfo.tcl
/opt/esdcad/software/synopsys/linux/galaxy_C-2009.06-SP4/auxx/gui/common/dialogs/NumberOfLevelsChooser.tcl
/opt/esdcad/software/synopsys/linux/galaxy_C-2009.06-SP4/auxx/gui/common/dialogs/WindowReuseInfo.tcl
/opt/esdcad/software/synopsys/linux/galaxy_C-2009.06-SP4/auxx/gui/common/dialogs/ReportOutputOptionInfo.tcl
/opt/esdcad/software/synopsys/linux/galaxy_C-2009.06-SP4/auxx/gui/common/setup/snpsCollections.tcl
/opt/esdcad/software/synopsys/linux/galaxy_C-2009.06-SP4/auxx/gui/common/dialogs/CompileLinkDesign.tcl
/opt/esdcad/software/synopsys/linux/galaxy_C-2009.06-SP4/auxx/gui/common/histogram/DialogEndpointSlack.tcl
/opt/esdcad/software/synopsys/linux/galaxy_C-2009.06-SP4/auxx/gui/common/histogram/DialogPathsSlack.tcl
/opt/esdcad/software/synopsys/linux/galaxy_C-2009.06-SP4/auxx/gui/common/histogram/DialogNetCapacitance.tcl
/opt/esdcad/software/synopsys/linux/galaxy_C-2009.06-SP4/auxx/gui/common/schematic/DialogPathSchematicFanInOut.tcl
/opt/esdcad/software/synopsys/linux/galaxy_C-2009.06-SP4/auxx/gui/common/schematic/DialogPathSchematicAddPaths.tcl
/opt/esdcad/software/synopsys/linux/galaxy_C-2009.06-SP4/auxx/tcllib/lib/tk8.4/tk.tcl
/opt/esdcad/software/synopsys/linux/galaxy_C-2009.06-SP4/auxx/tcllib/lib/tcl8.4/msgcat/msgcat.tcl
/opt/esdcad/software/synopsys/linux/galaxy_C-2009.06-SP4/auxx/tcllib/lib/tk8.4/button.tcl
/opt/esdcad/software/synopsys/linux/galaxy_C-2009.06-SP4/auxx/tcllib/lib/tk8.4/entry.tcl
/opt/esdcad/software/synopsys/linux/galaxy_C-2009.06-SP4/auxx/tcllib/lib/tk8.4/listbox.tcl
/opt/esdcad/software/synopsys/linux/galaxy_C-2009.06-SP4/auxx/tcllib/lib/tk8.4/menu.tcl
/opt/esdcad/software/synopsys/linux/galaxy_C-2009.06-SP4/auxx/tcllib/lib/tk8.4/panedwindow.tcl
/opt/esdcad/software/synopsys/linux/galaxy_C-2009.06-SP4/auxx/tcllib/lib/tk8.4/scale.tcl
/opt/esdcad/software/synopsys/linux/galaxy_C-2009.06-SP4/auxx/tcllib/lib/tk8.4/scrlbar.tcl
/opt/esdcad/software/synopsys/linux/galaxy_C-2009.06-SP4/auxx/tcllib/lib/tk8.4/spinbox.tcl
/opt/esdcad/software/synopsys/linux/galaxy_C-2009.06-SP4/auxx/tcllib/lib/tk8.4/text.tcl
/opt/esdcad/software/synopsys/linux/galaxy_C-2009.06-SP4/auxx/gui/common/histogram/base.tcl
/opt/esdcad/software/synopsys/linux/galaxy_C-2009.06-SP4/auxx/gui/common/profiler/base.tcl
/opt/esdcad/software/synopsys/linux/galaxy_C-2009.06-SP4/auxx/gui/common/schematic/base.tcl
/opt/esdcad/software/synopsys/linux/galaxy_C-2009.06-SP4/auxx/gui/common/select/baseInternal.tcl
/opt/esdcad/software/synopsys/linux/galaxy_C-2009.06-SP4/auxx/gui/common/schematic/enable.tcl
/opt/esdcad/software/synopsys/linux/galaxy_C-2009.06-SP4/auxx/gui/common/schematic/netlist.tcl
/opt/esdcad/software/synopsys/linux/galaxy_C-2009.06-SP4/auxx/gui/common/schematic/method.tcl
/opt/esdcad/software/synopsys/linux/galaxy_C-2009.06-SP4/auxx/gui/common/misc/createViewType.tcl
/opt/esdcad/software/synopsys/linux/galaxy_C-2009.06-SP4/auxx/gui/common/menus/base.tcl
/opt/esdcad/software/synopsys/linux/galaxy_C-2009.06-SP4/auxx/gui/common/libviewer/base.tcl
/opt/esdcad/software/synopsys/linux/galaxy_C-2009.06-SP4/auxx/gui/common/misc/viewmgr.tcl
/opt/esdcad/software/synopsys/linux/galaxy_C-2009.06-SP4/auxx/gui/common/pathinspector/base.tcl
/opt/esdcad/software/synopsys/linux/galaxy_C-2009.06-SP4/auxx/gui/common/pathinspector/create_window_and_menu.tcl
/opt/esdcad/software/synopsys/linux/galaxy_C-2009.06-SP4/auxx/gui/common/misc/infotip.tcl
/opt/esdcad/software/synopsys/linux/galaxy_C-2009.06-SP4/auxx/gui/common/misc/viewporthistory.tcl
/home/sg8g14/design/verilog/multi/library_Setup
/home/sg8g14/design/verilog/multi/script.tcl
/home/sg8g14/design/verilog/multi/multiply_a.sv
/opt/esdcad/designkits/ams/v370/synopsys/c35_3.3V/c35_CORELIB.db
/opt/esdcad/software/synopsys/linux/galaxy_C-2009.06-SP4/libraries/syn/gtech.db
/opt/esdcad/software/synopsys/linux/galaxy_C-2009.06-SP4/libraries/syn/standard.sldb
/home/sg8g14/synopsys_cache_C-2009.06-SP4/DW01/DW01_add/rpl/32/c35_CORELIB_8184/element.ddc
/home/sg8g14/synopsys_cache_C-2009.06-SP4/DW01/DW01_MUX/str/c35_CORELIB_8184_8167_6715/element.ddc
/home/sg8g14/synopsys_cache_C-2009.06-SP4/DW01/DW01_mmux/str/2/c35_CORELIB_8184_8167_6715/element.ddc
/home/sg8g14/synopsys_cache_C-2009.06-SP4/DW01/DW01_mmux/str/3/c35_CORELIB_8184_8167_6715/element.ddc
/home/sg8g14/synopsys_cache_C-2009.06-SP4/DW01/DW01_mmux/str/4/c35_CORELIB_8184_8167_6715/element.ddc
/home/sg8g14/synopsys_cache_C-2009.06-SP4/DW01/DW01_mmux/str/5/c35_CORELIB_8184_8167_6715/element.ddc
/home/sg8g14/synopsys_cache_C-2009.06-SP4/DW01/DW01_NAND2/str/c35_CORELIB_8184_8167_6715/element.ddc
/home/sg8g14/synopsys_cache_C-2009.06-SP4/DW01/DW01_add/cla/32/c35_CORELIB_8184_8167_6715/element.ddc
/home/sg8g14/synopsys_cache_C-2009.06-SP4/DW01/DW01_add/rpl/32/c35_CORELIB_8184_3452_6715/element.ddc
/home/sg8g14/synopsys_cache_C-2009.06-SP4/DW01/DW01_add/cla/32/c35_CORELIB_8184_3452_6715/element.ddc
/home/sg8g14/synopsys_cache_C-2009.06-SP4/DW01/DW01_add/cla/32/c35_CORELIB_8184/element.ddc
/home/sg8g14/synopsys_cache_C-2009.06-SP4/DW01/DW01_add/rpl/16/c35_CORELIB_8184/element.ddc
/home/sg8g14/synopsys_cache_C-2009.06-SP4/DW01/DW01_add/cla/16/c35_CORELIB_8184/element.ddc
/home/sg8g14/synopsys_cache_C-2009.06-SP4/DW01/DW01_add/cla/14/c35_CORELIB_8184/element.ddc
/home/sg8g14/synopsys_cache_C-2009.06-SP4/DW01/DW01_add/rpl/32/c35_CORELIB_8184/element.ddc
/opt/esdcad/designkits/ams/v370/synopsys/c35_3.3V/c35_CORELIB.db
/opt/esdcad/designkits/ams/v370/synopsys/c35_3.3V/c35_CORELIB.sdb
/opt/esdcad/software/synopsys/linux/galaxy_C-2009.06-SP4/libraries/syn/generic.sdb
/home/sg8g14/design/verilog/multi/script.tcl
/home/sg8g14/design/verilog/multi/multiply_a.sv
/home/sg8g14/synopsys_cache_C-2009.06-SP4/DW01/DW01_add/rpl/32/c35_CORELIB_8184/element.ddc
/home/sg8g14/synopsys_cache_C-2009.06-SP4/DW02/DW02_mult/csa/8/8/c35_CORELIB_8184_8167_6715/element.ddc
/home/sg8g14/synopsys_cache_C-2009.06-SP4/DW02/DW02_mult/csa/8/8/c35_CORELIB_8184/element.ddc
/home/sg8g14/synopsys_cache_C-2009.06-SP4/DW01/DW01_add/cla/14/c35_CORELIB_8184_8167_6715/element.ddc
/home/sg8g14/synopsys_cache_C-2009.06-SP4/DW01/DW01_add/cla/14/c35_CORELIB_8184/element.ddc
/opt/esdcad/designkits/ams/v370/synopsys/c35_3.3V/c35_CORELIB.db
/home/sg8g14/design/verilog/multi/script.tcl
/home/sg8g14/design/verilog/multi/multiply_a.sv
/home/sg8g14/synopsys_cache_C-2009.06-SP4/DW01/DW01_add/rpl/32/c35_CORELIB_8184/element.ddc
/home/sg8g14/synopsys_cache_C-2009.06-SP4/DW01/DW01_add/rpl/16/c35_CORELIB_8184/element.ddc
/home/sg8g14/synopsys_cache_C-2009.06-SP4/DW02/DW02_mult/csa/8/8/c35_CORELIB_8184_8167_6715/element.ddc
/home/sg8g14/synopsys_cache_C-2009.06-SP4/DW01/DW01_add/rpl/16/c35_CORELIB_8184_8167_6715/element.ddc
/home/sg8g14/synopsys_cache_C-2009.06-SP4/DW01/DW01_add/cla/16/c35_CORELIB_8184_8167_6715/element.ddc
/home/sg8g14/synopsys_cache_C-2009.06-SP4/DW01/DW01_add/rpl/32/c35_CORELIB_8184_8167_6715/element.ddc
/home/sg8g14/synopsys_cache_C-2009.06-SP4/DW01/DW01_add/cla/32/c35_CORELIB_8184_8167_6715/element.ddc
/home/sg8g14/synopsys_cache_C-2009.06-SP4/DW02/DW02_mult/csa/8/8/c35_CORELIB_8184/element.ddc
/home/sg8g14/synopsys_cache_C-2009.06-SP4/DW01/DW01_add/cla/14/c35_CORELIB_8184_8167_6715/element.ddc
/home/sg8g14/synopsys_cache_C-2009.06-SP4/DW01/DW01_add/cla/14/c35_CORELIB_8184/element.ddc
/home/sg8g14/synopsys_cache_C-2009.06-SP4/DW01/DW01_add/rpl/32/c35_CORELIB_8184_3452_6715/element.ddc
/home/sg8g14/synopsys_cache_C-2009.06-SP4/DW01/DW01_add/cla/32/c35_CORELIB_8184_3452_6715/element.ddc
/home/sg8g14/synopsys_cache_C-2009.06-SP4/DW01/DW01_add/cla/32/c35_CORELIB_8184/element.ddc
/home/sg8g14/synopsys_cache_C-2009.06-SP4/DW01/DW01_add/rpl/16/c35_CORELIB_8184_3452_6715/element.ddc
/home/sg8g14/synopsys_cache_C-2009.06-SP4/DW01/DW01_add/cla/16/c35_CORELIB_8184_3452_6715/element.ddc
/home/sg8g14/synopsys_cache_C-2009.06-SP4/DW01/DW01_add/cla/16/c35_CORELIB_8184/element.ddc
/home/sg8g14/synopsys_cache_C-2009.06-SP4/DW01/DW01_add/cla/14/c35_CORELIB_8184/element.ddc
/opt/esdcad/designkits/ams/v370/synopsys/c35_3.3V/c35_CORELIB.db
/home/sg8g14/design/verilog/multi/script.tcl
/home/sg8g14/design/verilog/multi/multiply_a.sv
/home/sg8g14/synopsys_cache_C-2009.06-SP4/DW01/DW01_add/rpl/32/c35_CORELIB_8184/element.ddc
/home/sg8g14/synopsys_cache_C-2009.06-SP4/DW01/DW01_add/rpl/32/c35_CORELIB_8184_8167_6715/element.ddc
/home/sg8g14/synopsys_cache_C-2009.06-SP4/DW01/DW01_add/cla/32/c35_CORELIB_8184_8167_6715/element.ddc
/opt/esdcad/designkits/ams/v370/synopsys/c35_3.3V/c35_CORELIB.db
/home/sg8g14/design/verilog/multi/script.tcl
/home/sg8g14/design/verilog/multi/multiply_a.sv
/home/sg8g14/synopsys_cache_C-2009.06-SP4/DW01/DW01_add/rpl/32/c35_CORELIB_8184/element.ddc
/home/sg8g14/synopsys_cache_C-2009.06-SP4/DW01/DW01_add/rpl/16/c35_CORELIB_8184/element.ddc
/home/sg8g14/synopsys_cache_C-2009.06-SP4/DW02/DW02_mult/csa/8/8/c35_CORELIB_8184_8167_6715/element.ddc
/home/sg8g14/synopsys_cache_C-2009.06-SP4/DW01/DW01_add/rpl/16/c35_CORELIB_8184_8167_6715/element.ddc
/home/sg8g14/synopsys_cache_C-2009.06-SP4/DW01/DW01_add/cla/16/c35_CORELIB_8184_8167_6715/element.ddc
/home/sg8g14/synopsys_cache_C-2009.06-SP4/DW01/DW01_add/rpl/32/c35_CORELIB_8184_8167_6715/element.ddc
/home/sg8g14/synopsys_cache_C-2009.06-SP4/DW01/DW01_add/cla/32/c35_CORELIB_8184_8167_6715/element.ddc
/home/sg8g14/synopsys_cache_C-2009.06-SP4/DW02/DW02_mult/csa/8/8/c35_CORELIB_8184/element.ddc
/home/sg8g14/synopsys_cache_C-2009.06-SP4/DW01/DW01_add/cla/14/c35_CORELIB_8184_8167_6715/element.ddc
/home/sg8g14/synopsys_cache_C-2009.06-SP4/DW01/DW01_add/cla/14/c35_CORELIB_8184/element.ddc
/home/sg8g14/synopsys_cache_C-2009.06-SP4/DW01/DW01_add/rpl/32/c35_CORELIB_8184_3452_6715/element.ddc
/home/sg8g14/synopsys_cache_C-2009.06-SP4/DW01/DW01_add/cla/32/c35_CORELIB_8184_3452_6715/element.ddc
/home/sg8g14/synopsys_cache_C-2009.06-SP4/DW01/DW01_add/cla/32/c35_CORELIB_8184/element.ddc
/home/sg8g14/synopsys_cache_C-2009.06-SP4/DW01/DW01_add/rpl/16/c35_CORELIB_8184_3452_6715/element.ddc
/home/sg8g14/synopsys_cache_C-2009.06-SP4/DW01/DW01_add/cla/16/c35_CORELIB_8184_3452_6715/element.ddc
/home/sg8g14/synopsys_cache_C-2009.06-SP4/DW01/DW01_add/cla/16/c35_CORELIB_8184/element.ddc
/home/sg8g14/synopsys_cache_C-2009.06-SP4/DW01/DW01_add/cla/14/c35_CORELIB_8184/element.ddc
/opt/esdcad/designkits/ams/v370/synopsys/c35_3.3V/c35_CORELIB.db
/opt/esdcad/designkits/ams/v370/synopsys/c35_3.3V/c35_CORELIB.db
